2021/01/08 20:49:52 ------------------------------------------------------------------------
2021/01/08 20:49:52 [INFO]  config=./conf/dev/
2021/01/08 20:49:52 [INFO]  start loading resources.
2021/01/08 20:49:52 [INFO]  success loading resources.
2021/01/08 20:49:52 ------------------------------------------------------------------------
2021/01/08 20:49:52 ------------------------------------------------------------------------
2021/01/08 20:49:52 [INFO]  config=./conf/prod/
2021/01/08 20:49:52 [INFO]  start loading resources.
2021/01/08 20:50:12 [INFO]  success loading resources.
2021/01/08 20:50:12 ------------------------------------------------------------------------
[GIN-debug] [WARNING] Creating an Engine instance with the Logger and Recovery middleware already attached.

[GIN-debug] [WARNING] Running in "debug" mode. Switch to "release" mode in production.
 - using env:	export GIN_MODE=release
 - using code:	gin.SetMode(gin.ReleaseMode)

[GIN-debug] GET    /ping                     --> github.com/go_gateway/router.InitRouter.func1 (3 handlers)
[GIN-debug] GET    /swagger/*any             --> github.com/swaggo/gin-swagger.CustomWrapHandler.func1 (3 handlers)
[GIN-debug] POST   /admin/login              --> github.com/go_gateway/controller.(*AdminLoginController).AdminLogin-fm (7 handlers)
[GIN-debug] GET    /admin/logout             --> github.com/go_gateway/controller.(*AdminLoginController).AdminLogout-fm (7 handlers)
[GIN-debug] GET    /admin/admin_info         --> github.com/go_gateway/controller.(*AdminController).AdminInfo-fm (8 handlers)
[GIN-debug] POST   /admin/change_pwd         --> github.com/go_gateway/controller.(*AdminController).ChangePwd-fm (8 handlers)
[GIN-debug] GET    /service/service_list     --> github.com/go_gateway/controller.(*ServiceController).ServiceList-fm (8 handlers)
[GIN-debug] GET    /service/service_delete   --> github.com/go_gateway/controller.(*ServiceController).ServiceDelete-fm (8 handlers)
[GIN-debug] GET    /service/service_detail   --> github.com/go_gateway/controller.(*ServiceController).ServiceDetail-fm (8 handlers)
[GIN-debug] GET    /service/service_stat     --> github.com/go_gateway/controller.(*ServiceController).ServiceStat-fm (8 handlers)
[GIN-debug] POST   /service/service_add_http --> github.com/go_gateway/controller.(*ServiceController).ServiceAddHTTP-fm (8 handlers)
[GIN-debug] POST   /service/service_update_http --> github.com/go_gateway/controller.(*ServiceController).ServiceUpdateHTTP-fm (8 handlers)
[GIN-debug] POST   /service/service_add_tcp  --> github.com/go_gateway/controller.(*ServiceController).ServiceAddTCP-fm (8 handlers)
[GIN-debug] POST   /service/service_update_tcp --> github.com/go_gateway/controller.(*ServiceController).ServiceUpdateTCP-fm (8 handlers)
[GIN-debug] POST   /service/service_add_grpc --> github.com/go_gateway/controller.(*ServiceController).ServiceAddGRPC-fm (8 handlers)
[GIN-debug] POST   /service/service_update_grpc --> github.com/go_gateway/controller.(*ServiceController).ServiceUpdateGRPC-fm (8 handlers)
[GIN-debug] GET    /app/app_list             --> github.com/go_gateway/controller.(*APPController).APPList-fm (8 handlers)
[GIN-debug] GET    /app/app_detail           --> github.com/go_gateway/controller.(*APPController).APPDetail-fm (8 handlers)
[GIN-debug] GET    /app/app_stat             --> github.com/go_gateway/controller.(*APPController).AppStatistics-fm (8 handlers)
[GIN-debug] GET    /app/app_delete           --> github.com/go_gateway/controller.(*APPController).APPDelete-fm (8 handlers)
[GIN-debug] POST   /app/app_add              --> github.com/go_gateway/controller.(*APPController).AppAdd-fm (8 handlers)
[GIN-debug] POST   /app/app_update           --> github.com/go_gateway/controller.(*APPController).AppUpdate-fm (8 handlers)
[GIN-debug] GET    /dashboard/panel_group_data --> github.com/go_gateway/controller.(*DashboardController).PanelGroupData-fm (8 handlers)
[GIN-debug] GET    /dashboard/flow_stat      --> github.com/go_gateway/controller.(*DashboardController).FlowStat-fm (8 handlers)
[GIN-debug] GET    /dashboard/service_stat   --> github.com/go_gateway/controller.(*DashboardController).ServiceStat-fm (8 handlers)
2021/01/08 20:50:12  [INFO] HttpServerRun::8880
[GIN] 2021/01/08 - 20:51:05 | 200 |    1.274104ms |       127.0.0.1 | GET      /admin/admin_info?token=admin
[GIN] 2021/01/08 - 20:51:06 | 200 |    5.069616ms |       127.0.0.1 | GET      /dashboard/panel_group_data
[GIN] 2021/01/08 - 20:51:06 | 200 |    5.511456ms |       127.0.0.1 | GET      /dashboard/service_stat
[GIN] 2021/01/08 - 20:51:06 | 200 |   20.698385ms |       127.0.0.1 | GET      /dashboard/flow_stat
This in serviceList:  <nil>
[GIN] 2021/01/08 - 20:51:09 | 200 |   76.818302ms |       127.0.0.1 | GET      /service/service_list?page_no=1&page_size=20&info=&page=1
2021/01/08 20:56:13  [INFO] HttpServerStop stopped
2021/01/08 20:56:13 ------------------------------------------------------------------------
2021/01/08 20:56:13 [INFO]  start destroy resources.
2021/01/08 20:56:13 [INFO]  success destroy resources.
2021/01/08 20:56:13 ------------------------------------------------------------------------
2021/01/08 20:56:13 [INFO]  config=./conf/dev/
2021/01/08 20:56:13 [INFO]  start loading resources.
2021/01/08 20:56:13 [INFO]  success loading resources.
2021/01/08 20:56:13 ------------------------------------------------------------------------
2021/01/08 20:56:13 ------------------------------------------------------------------------
2021/01/08 20:56:13 [INFO]  config=./conf/prod/
2021/01/08 20:56:13 [INFO]  start loading resources.
2021/01/08 20:56:13 [INFO]  success loading resources.
2021/01/08 20:56:13 ------------------------------------------------------------------------
[GIN-debug] [WARNING] Creating an Engine instance with the Logger and Recovery middleware already attached.

[GIN-debug] [WARNING] Running in "debug" mode. Switch to "release" mode in production.
 - using env:	export GIN_MODE=release
 - using code:	gin.SetMode(gin.ReleaseMode)

[GIN-debug] GET    /ping                     --> github.com/go_gateway/router.InitRouter.func1 (3 handlers)
[GIN-debug] GET    /swagger/*any             --> github.com/swaggo/gin-swagger.CustomWrapHandler.func1 (3 handlers)
[GIN-debug] POST   /admin/login              --> github.com/go_gateway/controller.(*AdminLoginController).AdminLogin-fm (7 handlers)
[GIN-debug] GET    /admin/logout             --> github.com/go_gateway/controller.(*AdminLoginController).AdminLogout-fm (7 handlers)
[GIN-debug] GET    /admin/admin_info         --> github.com/go_gateway/controller.(*AdminController).AdminInfo-fm (8 handlers)
[GIN-debug] POST   /admin/change_pwd         --> github.com/go_gateway/controller.(*AdminController).ChangePwd-fm (8 handlers)
[GIN-debug] GET    /service/service_list     --> github.com/go_gateway/controller.(*ServiceController).ServiceList-fm (8 handlers)
[GIN-debug] GET    /service/service_delete   --> github.com/go_gateway/controller.(*ServiceController).ServiceDelete-fm (8 handlers)
[GIN-debug] GET    /service/service_detail   --> github.com/go_gateway/controller.(*ServiceController).ServiceDetail-fm (8 handlers)
[GIN-debug] GET    /service/service_stat     --> github.com/go_gateway/controller.(*ServiceController).ServiceStat-fm (8 handlers)
[GIN-debug] POST   /service/service_add_http --> github.com/go_gateway/controller.(*ServiceController).ServiceAddHTTP-fm (8 handlers)
[GIN-debug] POST   /service/service_update_http --> github.com/go_gateway/controller.(*ServiceController).ServiceUpdateHTTP-fm (8 handlers)
[GIN-debug] POST   /service/service_add_tcp  --> github.com/go_gateway/controller.(*ServiceController).ServiceAddTCP-fm (8 handlers)
[GIN-debug] POST   /service/service_update_tcp --> github.com/go_gateway/controller.(*ServiceController).ServiceUpdateTCP-fm (8 handlers)
[GIN-debug] POST   /service/service_add_grpc --> github.com/go_gateway/controller.(*ServiceController).ServiceAddGRPC-fm (8 handlers)
[GIN-debug] POST   /service/service_update_grpc --> github.com/go_gateway/controller.(*ServiceController).ServiceUpdateGRPC-fm (8 handlers)
[GIN-debug] GET    /app/app_list             --> github.com/go_gateway/controller.(*APPController).APPList-fm (8 handlers)
[GIN-debug] GET    /app/app_detail           --> github.com/go_gateway/controller.(*APPController).APPDetail-fm (8 handlers)
[GIN-debug] GET    /app/app_stat             --> github.com/go_gateway/controller.(*APPController).AppStatistics-fm (8 handlers)
[GIN-debug] GET    /app/app_delete           --> github.com/go_gateway/controller.(*APPController).APPDelete-fm (8 handlers)
[GIN-debug] POST   /app/app_add              --> github.com/go_gateway/controller.(*APPController).AppAdd-fm (8 handlers)
[GIN-debug] POST   /app/app_update           --> github.com/go_gateway/controller.(*APPController).AppUpdate-fm (8 handlers)
[GIN-debug] GET    /dashboard/panel_group_data --> github.com/go_gateway/controller.(*DashboardController).PanelGroupData-fm (8 handlers)
[GIN-debug] GET    /dashboard/flow_stat      --> github.com/go_gateway/controller.(*DashboardController).FlowStat-fm (8 handlers)
[GIN-debug] GET    /dashboard/service_stat   --> github.com/go_gateway/controller.(*DashboardController).ServiceStat-fm (8 handlers)
[GIN-debug] GET    /dist/*filepath           --> github.com/gin-gonic/gin.(*RouterGroup).createStaticHandler.func1 (3 handlers)
[GIN-debug] HEAD   /dist/*filepath           --> github.com/gin-gonic/gin.(*RouterGroup).createStaticHandler.func1 (3 handlers)
2021/01/08 20:56:13  [INFO] HttpServerRun::8880
[GIN] 2021/01/08 - 20:56:29 | 404 |         738ns |       127.0.0.1 | GET      /
[GIN] 2021/01/08 - 20:56:29 | 404 |         674ns |       127.0.0.1 | GET      /favicon.ico
[GIN] 2021/01/08 - 20:56:35 | 200 |    6.005833ms |       127.0.0.1 | GET      /dist/
[GIN] 2021/01/08 - 20:56:35 | 200 |     297.745µs |       127.0.0.1 | GET      /dist/static/css/app.f3154220.css
[GIN] 2021/01/08 - 20:56:35 | 200 |      95.705µs |       127.0.0.1 | GET      /dist/static/css/chunk-libs.3dfb7769.css
[GIN] 2021/01/08 - 20:56:35 | 200 |     217.126µs |       127.0.0.1 | GET      /dist/static/js/app.909d1fdc.js
[GIN] 2021/01/08 - 20:56:35 | 200 |     623.386µs |       127.0.0.1 | GET      /dist/static/js/chunk-elementUI.56ef3f8b.js
[GIN] 2021/01/08 - 20:56:35 | 200 |     465.491µs |       127.0.0.1 | GET      /dist/static/js/chunk-libs.3a31f6b7.js
[GIN] 2021/01/08 - 20:56:35 | 200 |     100.367µs |       127.0.0.1 | GET      /dist/static/css/chunk-c7a467a2.55476796.css
[GIN] 2021/01/08 - 20:56:35 | 200 |     140.653µs |       127.0.0.1 | GET      /dist/static/js/chunk-c7a467a2.4ccab64e.js
[GIN] 2021/01/08 - 20:56:35 | 200 |     280.386µs |       127.0.0.1 | GET      /dist/favicon.ico
[GIN] 2021/01/08 - 20:56:37 | 200 |    2.856531ms |       127.0.0.1 | POST     /admin/login
[GIN] 2021/01/08 - 20:56:37 | 200 |     327.945µs |       127.0.0.1 | GET      /dist/static/fonts/element-icons.535877f5.woff
[GIN] 2021/01/08 - 20:56:37 | 200 |    1.131036ms |       127.0.0.1 | GET      /admin/admin_info?token=admin
[GIN] 2021/01/08 - 20:56:37 | 200 |     703.959µs |       127.0.0.1 | GET      /dist/static/js/chunk-0c31be43.9016199e.js
[GIN] 2021/01/08 - 20:56:37 | 200 |     105.303µs |       127.0.0.1 | GET      /dist/static/css/chunk-5fd09504.e9047b95.css
[GIN] 2021/01/08 - 20:56:37 | 200 |     139.838µs |       127.0.0.1 | GET      /dist/static/js/chunk-5fd09504.90fffec2.js
[GIN] 2021/01/08 - 20:56:37 | 200 |    5.742839ms |       127.0.0.1 | GET      /dashboard/panel_group_data
[GIN] 2021/01/08 - 20:56:37 | 200 |    4.762464ms |       127.0.0.1 | GET      /dashboard/service_stat
[GIN] 2021/01/08 - 20:56:37 | 200 |   20.395542ms |       127.0.0.1 | GET      /dashboard/flow_stat
2021/01/08 20:57:06  [INFO] HttpServerStop stopped
2021/01/08 20:57:06 ------------------------------------------------------------------------
2021/01/08 20:57:06 [INFO]  start destroy resources.
2021/01/08 20:57:06  [ERROR] HttpServerRun::8880 err:http: Server closed
2021/01/08 20:57:06 ------------------------------------------------------------------------
2021/01/08 20:57:06 [INFO]  config=./conf/dev/
2021/01/08 20:57:06 [INFO]  start loading resources.
2021/01/08 20:57:06 [INFO]  success loading resources.
2021/01/08 20:57:06 ------------------------------------------------------------------------
2021/01/08 20:57:06 ------------------------------------------------------------------------
2021/01/08 20:57:06 [INFO]  config=./conf/prod/
2021/01/08 20:57:06 [INFO]  start loading resources.
2021/01/08 20:57:06 [INFO]  success loading resources.
2021/01/08 20:57:06 ------------------------------------------------------------------------
[GIN-debug] [WARNING] Creating an Engine instance with the Logger and Recovery middleware already attached.

[GIN-debug] [WARNING] Running in "debug" mode. Switch to "release" mode in production.
 - using env:	export GIN_MODE=release
 - using code:	gin.SetMode(gin.ReleaseMode)

[GIN-debug] GET    /ping                     --> github.com/go_gateway/router.InitRouter.func1 (3 handlers)
[GIN-debug] GET    /swagger/*any             --> github.com/swaggo/gin-swagger.CustomWrapHandler.func1 (3 handlers)
[GIN-debug] POST   /admin/login              --> github.com/go_gateway/controller.(*AdminLoginController).AdminLogin-fm (7 handlers)
[GIN-debug] GET    /admin/logout             --> github.com/go_gateway/controller.(*AdminLoginController).AdminLogout-fm (7 handlers)
[GIN-debug] GET    /admin/admin_info         --> github.com/go_gateway/controller.(*AdminController).AdminInfo-fm (8 handlers)
[GIN-debug] POST   /admin/change_pwd         --> github.com/go_gateway/controller.(*AdminController).ChangePwd-fm (8 handlers)
[GIN-debug] GET    /service/service_list     --> github.com/go_gateway/controller.(*ServiceController).ServiceList-fm (8 handlers)
[GIN-debug] GET    /service/service_delete   --> github.com/go_gateway/controller.(*ServiceController).ServiceDelete-fm (8 handlers)
[GIN-debug] GET    /service/service_detail   --> github.com/go_gateway/controller.(*ServiceController).ServiceDetail-fm (8 handlers)
[GIN-debug] GET    /service/service_stat     --> github.com/go_gateway/controller.(*ServiceController).ServiceStat-fm (8 handlers)
[GIN-debug] POST   /service/service_add_http --> github.com/go_gateway/controller.(*ServiceController).ServiceAddHTTP-fm (8 handlers)
[GIN-debug] POST   /service/service_update_http --> github.com/go_gateway/controller.(*ServiceController).ServiceUpdateHTTP-fm (8 handlers)
[GIN-debug] POST   /service/service_add_tcp  --> github.com/go_gateway/controller.(*ServiceController).ServiceAddTCP-fm (8 handlers)
[GIN-debug] POST   /service/service_update_tcp --> github.com/go_gateway/controller.(*ServiceController).ServiceUpdateTCP-fm (8 handlers)
[GIN-debug] POST   /service/service_add_grpc --> github.com/go_gateway/controller.(*ServiceController).ServiceAddGRPC-fm (8 handlers)
[GIN-debug] POST   /service/service_update_grpc --> github.com/go_gateway/controller.(*ServiceController).ServiceUpdateGRPC-fm (8 handlers)
[GIN-debug] GET    /app/app_list             --> github.com/go_gateway/controller.(*APPController).APPList-fm (8 handlers)
[GIN-debug] GET    /app/app_detail           --> github.com/go_gateway/controller.(*APPController).APPDetail-fm (8 handlers)
[GIN-debug] GET    /app/app_stat             --> github.com/go_gateway/controller.(*APPController).AppStatistics-fm (8 handlers)
[GIN-debug] GET    /app/app_delete           --> github.com/go_gateway/controller.(*APPController).APPDelete-fm (8 handlers)
[GIN-debug] POST   /app/app_add              --> github.com/go_gateway/controller.(*APPController).AppAdd-fm (8 handlers)
[GIN-debug] POST   /app/app_update           --> github.com/go_gateway/controller.(*APPController).AppUpdate-fm (8 handlers)
[GIN-debug] GET    /dashboard/panel_group_data --> github.com/go_gateway/controller.(*DashboardController).PanelGroupData-fm (8 handlers)
[GIN-debug] GET    /dashboard/flow_stat      --> github.com/go_gateway/controller.(*DashboardController).FlowStat-fm (8 handlers)
[GIN-debug] GET    /dashboard/service_stat   --> github.com/go_gateway/controller.(*DashboardController).ServiceStat-fm (8 handlers)
[GIN-debug] GET    /*filepath                --> github.com/gin-gonic/gin.(*RouterGroup).createStaticHandler.func1 (3 handlers)
2021/01/08 20:57:06 ------------------------------------------------------------------------
2021/01/08 20:57:06 [INFO]  start destroy resources.
2021/01/08 20:57:06 [INFO]  success destroy resources.
panic: wildcard route '*filepath' conflicts with existing children in path '/*filepath'

goroutine 1 [running]:
github.com/gin-gonic/gin.(*node).insertChild(0xc00030f440, 0x1, 0xc0004e1201, 0x9, 0xc0004e1200, 0xa, 0xc00021b3c0, 0x3, 0x3)
	/home/john/go/pkg/mod/github.com/gin-gonic/gin@v1.4.0/tree.go:280 +0x715
github.com/gin-gonic/gin.(*node).addRoute(0xc00030f440, 0xc0004e1200, 0xa, 0xc00021b3c0, 0x3, 0x3)
	/home/john/go/pkg/mod/github.com/gin-gonic/gin@v1.4.0/tree.go:237 +0x518
github.com/gin-gonic/gin.(*Engine).addRoute(0xc00042ea00, 0xefc164, 0x3, 0xc0004e1200, 0xa, 0xc00021b3c0, 0x3, 0x3)
	/home/john/go/pkg/mod/github.com/gin-gonic/gin@v1.4.0/gin.go:257 +0x127
github.com/gin-gonic/gin.(*RouterGroup).handle(0xc00042ea00, 0xefc164, 0x3, 0xc0004e1170, 0xa, 0xc000010968, 0x1, 0x1, 0x8, 0x17)
	/home/john/go/pkg/mod/github.com/gin-gonic/gin@v1.4.0/routergroup.go:75 +0x1c4
github.com/gin-gonic/gin.(*RouterGroup).GET(...)
	/home/john/go/pkg/mod/github.com/gin-gonic/gin@v1.4.0/routergroup.go:103
github.com/gin-gonic/gin.(*RouterGroup).StaticFS(0xc00042ea00, 0xefbb06, 0x1, 0x107c420, 0xc000701840, 0xc0007017f0, 0xc000701750)
	/home/john/go/pkg/mod/github.com/gin-gonic/gin@v1.4.0/routergroup.go:180 +0x1b8
github.com/gin-gonic/gin.(*RouterGroup).Static(0xc00042ea00, 0xefbb06, 0x1, 0xefe362, 0x6, 0x5, 0x5)
	/home/john/go/pkg/mod/github.com/gin-gonic/gin@v1.4.0/routergroup.go:167 +0xa7
github.com/go_gateway/router.InitRouter(0x0, 0x0, 0x0, 0xd82e60)
	/home/john/go/src/github.com/go_gateway/router/route.go:151 +0xeea
github.com/go_gateway/router.HttpServerRun()
	/home/john/go/src/github.com/go_gateway/router/httpserver.go:18 +0x94
main.main()
	/home/john/go/src/github.com/go_gateway/main.go:39 +0x3e2
2021/01/08 20:57:45 ------------------------------------------------------------------------
2021/01/08 20:57:45 [INFO]  config=./conf/dev/
2021/01/08 20:57:45 [INFO]  start loading resources.
2021/01/08 20:57:45 [INFO]  success loading resources.
2021/01/08 20:57:45 ------------------------------------------------------------------------
2021/01/08 20:57:45 ------------------------------------------------------------------------
2021/01/08 20:57:45 [INFO]  config=./conf/prod/
2021/01/08 20:57:45 [INFO]  start loading resources.
2021/01/08 20:57:45 [INFO]  success loading resources.
2021/01/08 20:57:45 ------------------------------------------------------------------------
[GIN-debug] [WARNING] Creating an Engine instance with the Logger and Recovery middleware already attached.

[GIN-debug] [WARNING] Running in "debug" mode. Switch to "release" mode in production.
 - using env:	export GIN_MODE=release
 - using code:	gin.SetMode(gin.ReleaseMode)

[GIN-debug] GET    /ping                     --> github.com/go_gateway/router.InitRouter.func1 (3 handlers)
[GIN-debug] GET    /swagger/*any             --> github.com/swaggo/gin-swagger.CustomWrapHandler.func1 (3 handlers)
[GIN-debug] POST   /admin/login              --> github.com/go_gateway/controller.(*AdminLoginController).AdminLogin-fm (7 handlers)
[GIN-debug] GET    /admin/logout             --> github.com/go_gateway/controller.(*AdminLoginController).AdminLogout-fm (7 handlers)
[GIN-debug] GET    /admin/admin_info         --> github.com/go_gateway/controller.(*AdminController).AdminInfo-fm (8 handlers)
[GIN-debug] POST   /admin/change_pwd         --> github.com/go_gateway/controller.(*AdminController).ChangePwd-fm (8 handlers)
[GIN-debug] GET    /service/service_list     --> github.com/go_gateway/controller.(*ServiceController).ServiceList-fm (8 handlers)
[GIN-debug] GET    /service/service_delete   --> github.com/go_gateway/controller.(*ServiceController).ServiceDelete-fm (8 handlers)
[GIN-debug] GET    /service/service_detail   --> github.com/go_gateway/controller.(*ServiceController).ServiceDetail-fm (8 handlers)
[GIN-debug] GET    /service/service_stat     --> github.com/go_gateway/controller.(*ServiceController).ServiceStat-fm (8 handlers)
[GIN-debug] POST   /service/service_add_http --> github.com/go_gateway/controller.(*ServiceController).ServiceAddHTTP-fm (8 handlers)
[GIN-debug] POST   /service/service_update_http --> github.com/go_gateway/controller.(*ServiceController).ServiceUpdateHTTP-fm (8 handlers)
[GIN-debug] POST   /service/service_add_tcp  --> github.com/go_gateway/controller.(*ServiceController).ServiceAddTCP-fm (8 handlers)
[GIN-debug] POST   /service/service_update_tcp --> github.com/go_gateway/controller.(*ServiceController).ServiceUpdateTCP-fm (8 handlers)
[GIN-debug] POST   /service/service_add_grpc --> github.com/go_gateway/controller.(*ServiceController).ServiceAddGRPC-fm (8 handlers)
[GIN-debug] POST   /service/service_update_grpc --> github.com/go_gateway/controller.(*ServiceController).ServiceUpdateGRPC-fm (8 handlers)
[GIN-debug] GET    /app/app_list             --> github.com/go_gateway/controller.(*APPController).APPList-fm (8 handlers)
[GIN-debug] GET    /app/app_detail           --> github.com/go_gateway/controller.(*APPController).APPDetail-fm (8 handlers)
[GIN-debug] GET    /app/app_stat             --> github.com/go_gateway/controller.(*APPController).AppStatistics-fm (8 handlers)
[GIN-debug] GET    /app/app_delete           --> github.com/go_gateway/controller.(*APPController).APPDelete-fm (8 handlers)
[GIN-debug] POST   /app/app_add              --> github.com/go_gateway/controller.(*APPController).AppAdd-fm (8 handlers)
[GIN-debug] POST   /app/app_update           --> github.com/go_gateway/controller.(*APPController).AppUpdate-fm (8 handlers)
[GIN-debug] GET    /dashboard/panel_group_data --> github.com/go_gateway/controller.(*DashboardController).PanelGroupData-fm (8 handlers)
[GIN-debug] GET    /dashboard/flow_stat      --> github.com/go_gateway/controller.(*DashboardController).FlowStat-fm (8 handlers)
[GIN-debug] GET    /dashboard/service_stat   --> github.com/go_gateway/controller.(*DashboardController).ServiceStat-fm (8 handlers)
[GIN-debug] GET    /*filepath                --> github.com/gin-gonic/gin.(*RouterGroup).createStaticHandler.func1 (3 handlers)
2021/01/08 20:57:45 ------------------------------------------------------------------------
2021/01/08 20:57:45 [INFO]  start destroy resources.
2021/01/08 20:57:45 [INFO]  success destroy resources.
panic: wildcard route '*filepath' conflicts with existing children in path '/*filepath'

goroutine 1 [running]:
github.com/gin-gonic/gin.(*node).insertChild(0xc000137800, 0x1, 0xc00052d971, 0x9, 0xc00052d970, 0xa, 0xc000388e20, 0x3, 0x3)
	/home/john/go/pkg/mod/github.com/gin-gonic/gin@v1.4.0/tree.go:280 +0x715
github.com/gin-gonic/gin.(*node).addRoute(0xc000137800, 0xc00052d970, 0xa, 0xc000388e20, 0x3, 0x3)
	/home/john/go/pkg/mod/github.com/gin-gonic/gin@v1.4.0/tree.go:237 +0x518
github.com/gin-gonic/gin.(*Engine).addRoute(0xc00014e3c0, 0xefc164, 0x3, 0xc00052d970, 0xa, 0xc000388e20, 0x3, 0x3)
	/home/john/go/pkg/mod/github.com/gin-gonic/gin@v1.4.0/gin.go:257 +0x127
github.com/gin-gonic/gin.(*RouterGroup).handle(0xc00014e3c0, 0xefc164, 0x3, 0xf029db, 0xa, 0xc0005a8980, 0x1, 0x1, 0x8, 0x17)
	/home/john/go/pkg/mod/github.com/gin-gonic/gin@v1.4.0/routergroup.go:75 +0x1c4
github.com/gin-gonic/gin.(*RouterGroup).GET(...)
	/home/john/go/pkg/mod/github.com/gin-gonic/gin@v1.4.0/routergroup.go:103
github.com/gin-gonic/gin.(*RouterGroup).StaticFS(0xc00014e3c0, 0x0, 0x0, 0x107c420, 0xc0001ca1a0, 0xc0001ca160, 0xc0001ca110)
	/home/john/go/pkg/mod/github.com/gin-gonic/gin@v1.4.0/routergroup.go:180 +0x1b8
github.com/gin-gonic/gin.(*RouterGroup).Static(0xc00014e3c0, 0x0, 0x0, 0xefe362, 0x6, 0x5, 0x5)
	/home/john/go/pkg/mod/github.com/gin-gonic/gin@v1.4.0/routergroup.go:167 +0xa7
github.com/go_gateway/router.InitRouter(0x0, 0x0, 0x0, 0xd82e60)
	/home/john/go/src/github.com/go_gateway/router/route.go:151 +0xedc
github.com/go_gateway/router.HttpServerRun()
	/home/john/go/src/github.com/go_gateway/router/httpserver.go:18 +0x94
main.main()
	/home/john/go/src/github.com/go_gateway/main.go:39 +0x3e2
2021/01/08 20:58:07 ------------------------------------------------------------------------
2021/01/08 20:58:07 [INFO]  config=./conf/dev/
2021/01/08 20:58:07 [INFO]  start loading resources.
2021/01/08 20:58:07 [INFO]  success loading resources.
2021/01/08 20:58:07 ------------------------------------------------------------------------
2021/01/08 20:58:07 ------------------------------------------------------------------------
2021/01/08 20:58:07 [INFO]  config=./conf/prod/
2021/01/08 20:58:07 [INFO]  start loading resources.
2021/01/08 20:58:07 [INFO]  success loading resources.
2021/01/08 20:58:07 ------------------------------------------------------------------------
[GIN-debug] [WARNING] Creating an Engine instance with the Logger and Recovery middleware already attached.

[GIN-debug] [WARNING] Running in "debug" mode. Switch to "release" mode in production.
 - using env:	export GIN_MODE=release
 - using code:	gin.SetMode(gin.ReleaseMode)

[GIN-debug] GET    /ping                     --> github.com/go_gateway/router.InitRouter.func1 (3 handlers)
[GIN-debug] GET    /swagger/*any             --> github.com/swaggo/gin-swagger.CustomWrapHandler.func1 (3 handlers)
[GIN-debug] POST   /admin/login              --> github.com/go_gateway/controller.(*AdminLoginController).AdminLogin-fm (7 handlers)
[GIN-debug] GET    /admin/logout             --> github.com/go_gateway/controller.(*AdminLoginController).AdminLogout-fm (7 handlers)
[GIN-debug] GET    /admin/admin_info         --> github.com/go_gateway/controller.(*AdminController).AdminInfo-fm (8 handlers)
[GIN-debug] POST   /admin/change_pwd         --> github.com/go_gateway/controller.(*AdminController).ChangePwd-fm (8 handlers)
[GIN-debug] GET    /service/service_list     --> github.com/go_gateway/controller.(*ServiceController).ServiceList-fm (8 handlers)
[GIN-debug] GET    /service/service_delete   --> github.com/go_gateway/controller.(*ServiceController).ServiceDelete-fm (8 handlers)
[GIN-debug] GET    /service/service_detail   --> github.com/go_gateway/controller.(*ServiceController).ServiceDetail-fm (8 handlers)
[GIN-debug] GET    /service/service_stat     --> github.com/go_gateway/controller.(*ServiceController).ServiceStat-fm (8 handlers)
[GIN-debug] POST   /service/service_add_http --> github.com/go_gateway/controller.(*ServiceController).ServiceAddHTTP-fm (8 handlers)
[GIN-debug] POST   /service/service_update_http --> github.com/go_gateway/controller.(*ServiceController).ServiceUpdateHTTP-fm (8 handlers)
[GIN-debug] POST   /service/service_add_tcp  --> github.com/go_gateway/controller.(*ServiceController).ServiceAddTCP-fm (8 handlers)
[GIN-debug] POST   /service/service_update_tcp --> github.com/go_gateway/controller.(*ServiceController).ServiceUpdateTCP-fm (8 handlers)
[GIN-debug] POST   /service/service_add_grpc --> github.com/go_gateway/controller.(*ServiceController).ServiceAddGRPC-fm (8 handlers)
[GIN-debug] POST   /service/service_update_grpc --> github.com/go_gateway/controller.(*ServiceController).ServiceUpdateGRPC-fm (8 handlers)
[GIN-debug] GET    /app/app_list             --> github.com/go_gateway/controller.(*APPController).APPList-fm (8 handlers)
[GIN-debug] GET    /app/app_detail           --> github.com/go_gateway/controller.(*APPController).APPDetail-fm (8 handlers)
[GIN-debug] GET    /app/app_stat             --> github.com/go_gateway/controller.(*APPController).AppStatistics-fm (8 handlers)
[GIN-debug] GET    /app/app_delete           --> github.com/go_gateway/controller.(*APPController).APPDelete-fm (8 handlers)
[GIN-debug] POST   /app/app_add              --> github.com/go_gateway/controller.(*APPController).AppAdd-fm (8 handlers)
[GIN-debug] POST   /app/app_update           --> github.com/go_gateway/controller.(*APPController).AppUpdate-fm (8 handlers)
[GIN-debug] GET    /dashboard/panel_group_data --> github.com/go_gateway/controller.(*DashboardController).PanelGroupData-fm (8 handlers)
[GIN-debug] GET    /dashboard/flow_stat      --> github.com/go_gateway/controller.(*DashboardController).FlowStat-fm (8 handlers)
[GIN-debug] GET    /dashboard/service_stat   --> github.com/go_gateway/controller.(*DashboardController).ServiceStat-fm (8 handlers)
[GIN-debug] GET    /dist/*filepath           --> github.com/gin-gonic/gin.(*RouterGroup).createStaticHandler.func1 (3 handlers)
[GIN-debug] HEAD   /dist/*filepath           --> github.com/gin-gonic/gin.(*RouterGroup).createStaticHandler.func1 (3 handlers)
2021/01/08 20:58:07  [INFO] HttpServerRun::8880
[GIN] 2021/01/08 - 20:58:09 | 404 |       1.093µs |       127.0.0.1 | GET      /
[GIN] 2021/01/08 - 20:58:12 | 304 |     387.867µs |       127.0.0.1 | GET      /dist/
[GIN] 2021/01/08 - 20:58:12 | 304 |     713.948µs |       127.0.0.1 | GET      /dist/static/css/app.f3154220.css
[GIN] 2021/01/08 - 20:58:12 | 304 |      90.192µs |       127.0.0.1 | GET      /dist/static/css/chunk-libs.3dfb7769.css
[GIN] 2021/01/08 - 20:58:12 | 304 |     295.734µs |       127.0.0.1 | GET      /dist/static/js/app.909d1fdc.js
[GIN] 2021/01/08 - 20:58:12 | 304 |     125.708µs |       127.0.0.1 | GET      /dist/static/js/chunk-libs.3a31f6b7.js
[GIN] 2021/01/08 - 20:58:12 | 304 |      34.027µs |       127.0.0.1 | GET      /dist/static/js/chunk-elementUI.56ef3f8b.js
[GIN] 2021/01/08 - 20:58:13 | 200 |    1.004564ms |       127.0.0.1 | GET      /admin/admin_info?token=admin
[GIN] 2021/01/08 - 20:58:13 | 200 |    2.648996ms |       127.0.0.1 | GET      /dist/favicon.ico
[GIN] 2021/01/08 - 20:58:13 | 304 |      85.759µs |       127.0.0.1 | GET      /dist/static/css/chunk-5fd09504.e9047b95.css
[GIN] 2021/01/08 - 20:58:13 | 304 |      91.033µs |       127.0.0.1 | GET      /dist/static/js/chunk-0c31be43.9016199e.js
[GIN] 2021/01/08 - 20:58:13 | 304 |      39.185µs |       127.0.0.1 | GET      /dist/static/js/chunk-5fd09504.90fffec2.js
[GIN] 2021/01/08 - 20:58:13 | 200 |    6.406026ms |       127.0.0.1 | GET      /dashboard/panel_group_data
[GIN] 2021/01/08 - 20:58:13 | 200 |    5.676345ms |       127.0.0.1 | GET      /dashboard/service_stat
[GIN] 2021/01/08 - 20:58:13 | 200 |   20.017874ms |       127.0.0.1 | GET      /dashboard/flow_stat
[GIN] 2021/01/08 - 20:58:13 | 304 |     500.133µs |       127.0.0.1 | GET      /dist/static/fonts/element-icons.535877f5.woff
